c:\users\ilyin\github\solidbody\solidbody\solidbody\release\vc142.pdb
c:\users\ilyin\github\solidbody\solidbody\solidbody\release\vector2d.obj
c:\users\ilyin\github\solidbody\solidbody\solidbody\release\system.step.obj
c:\users\ilyin\github\solidbody\solidbody\solidbody\release\system.obj
c:\users\ilyin\github\solidbody\solidbody\solidbody\release\random.obj
c:\users\ilyin\github\solidbody\solidbody\solidbody\release\mouse.obj
c:\users\ilyin\github\solidbody\solidbody\solidbody\release\main.obj
c:\users\ilyin\github\solidbody\solidbody\solidbody\release\getmillicount.obj
c:\users\ilyin\github\solidbody\solidbody\solidbody\release\geometry.obj
c:\users\ilyin\github\solidbody\solidbody\solidbody\release\gamepad.obj
c:\users\ilyin\github\solidbody\solidbody\solidbody\release\drawsystem.loadtextures.obj
c:\users\ilyin\github\solidbody\solidbody\solidbody\release\drawsystem.obj
c:\users\ilyin\github\solidbody\solidbody\solidbody\release\drawsystem.basics.obj
c:\users\ilyin\github\solidbody\solidbody\solidbody\release\control.events.obj
c:\users\ilyin\github\solidbody\solidbody\solidbody\release\control.obj
c:\users\ilyin\github\solidbody\solidbody\solidbody\release\color.obj
c:\users\ilyin\github\solidbody\solidbody\solidbody\release\camera.obj
c:\users\ilyin\github\solidbody\solidbody\solidbody\release\vec2.obj
c:\users\ilyin\github\solidbody\solidbody\solidbody\release\point.obj
c:\users\ilyin\github\solidbody\solidbody\solidbody\release\body.obj
c:\users\ilyin\github\solidbody\solidbody\solidbody\release\spring.obj
c:\users\ilyin\github\solidbody\solidbody\release\solidbody.ipdb
c:\users\ilyin\github\solidbody\solidbody\release\solidbody.iobj
c:\users\ilyin\github\solidbody\solidbody\release\solidbody.pdb
c:\users\ilyin\github\solidbody\solidbody\solidbody\release\solidbody.tlog\cl.command.1.tlog
c:\users\ilyin\github\solidbody\solidbody\solidbody\release\solidbody.tlog\cl.read.1.tlog
c:\users\ilyin\github\solidbody\solidbody\solidbody\release\solidbody.tlog\cl.write.1.tlog
c:\users\ilyin\github\solidbody\solidbody\solidbody\release\solidbody.tlog\link.command.1.tlog
c:\users\ilyin\github\solidbody\solidbody\solidbody\release\solidbody.tlog\link.delete.1.tlog
c:\users\ilyin\github\solidbody\solidbody\solidbody\release\solidbody.tlog\link.read.1.tlog
c:\users\ilyin\github\solidbody\solidbody\solidbody\release\solidbody.tlog\link.write.1.tlog
c:\users\ilyin\github\solidbody\solidbody\solidbody\release\solidbody.tlog\solidbody.write.1u.tlog
